  Camera.cpp
  figuras.cpp
c:\users\hugo_\documents\github\hdc_clase\hdc_practicas\hdc_practicas\figuras.cpp(20): warning C4838: la conversión de 'double' en 'GLfloat' requiere una conversión de restricción
c:\users\hugo_\documents\github\hdc_clase\hdc_practicas\hdc_practicas\figuras.cpp(99): warning C4838: la conversión de 'double' en 'GLfloat' requiere una conversión de restricción
c:\users\hugo_\documents\github\hdc_clase\hdc_practicas\hdc_practicas\figuras.cpp(152): warning C4838: la conversión de 'double' en 'GLfloat' requiere una conversión de restricción
c:\users\hugo_\documents\github\hdc_clase\hdc_practicas\hdc_practicas\figuras.cpp(361): warning C4101: 'theta': variable local sin referencia
c:\users\hugo_\documents\github\hdc_clase\hdc_practicas\hdc_practicas\figuras.cpp(361): warning C4101: 'phi': variable local sin referencia
c:\users\hugo_\documents\github\hdc_clase\hdc_practicas\hdc_practicas\figuras.cpp(588): warning C4838: la conversión de 'double' en 'GLfloat' requiere una conversión de restricción
  main_prac12.cpp
  texture.cpp
  Generando código...
CModel.lib(_3dsloader.obj) : warning LNK4099: no se encontró PDB 'vc70.pdb' con 'CModel.lib(_3dsloader.obj)' o en 'C:\Users\Hugo_\Documents\GitHub\HDC_clase\HDC_practicas\HDC_practicas\Debug\vc70.pdb'; se vinculará el objeto sin tener en cuenta información de depuración
CModel.lib(CModel.obj) : warning LNK4099: no se encontró PDB 'vc70.pdb' con 'CModel.lib(CModel.obj)' o en 'C:\Users\Hugo_\Documents\GitHub\HDC_clase\HDC_practicas\HDC_practicas\Debug\vc70.pdb'; se vinculará el objeto sin tener en cuenta información de depuración
CModel.lib(CObject.obj) : warning LNK4099: no se encontró PDB 'vc70.pdb' con 'CModel.lib(CObject.obj)' o en 'C:\Users\Hugo_\Documents\GitHub\HDC_clase\HDC_practicas\HDC_practicas\Debug\vc70.pdb'; se vinculará el objeto sin tener en cuenta información de depuración
CModel.lib(GFILoader.obj) : warning LNK4099: no se encontró PDB 'vc70.pdb' con 'CModel.lib(GFILoader.obj)' o en 'C:\Users\Hugo_\Documents\GitHub\HDC_clase\HDC_practicas\HDC_practicas\Debug\vc70.pdb'; se vinculará el objeto sin tener en cuenta información de depuración
CModel.lib(GLRender.obj) : warning LNK4099: no se encontró PDB 'vc70.pdb' con 'CModel.lib(GLRender.obj)' o en 'C:\Users\Hugo_\Documents\GitHub\HDC_clase\HDC_practicas\HDC_practicas\Debug\vc70.pdb'; se vinculará el objeto sin tener en cuenta información de depuración
CModel.lib(HandleStream.obj) : warning LNK4099: no se encontró PDB 'vc70.pdb' con 'CModel.lib(HandleStream.obj)' o en 'C:\Users\Hugo_\Documents\GitHub\HDC_clase\HDC_practicas\HDC_practicas\Debug\vc70.pdb'; se vinculará el objeto sin tener en cuenta información de depuración
CModel.lib(imageload.obj) : warning LNK4099: no se encontró PDB 'vc70.pdb' con 'CModel.lib(imageload.obj)' o en 'C:\Users\Hugo_\Documents\GitHub\HDC_clase\HDC_practicas\HDC_practicas\Debug\vc70.pdb'; se vinculará el objeto sin tener en cuenta información de depuración
CModel.lib(MATRIX4X4.obj) : warning LNK4099: no se encontró PDB 'vc70.pdb' con 'CModel.lib(MATRIX4X4.obj)' o en 'C:\Users\Hugo_\Documents\GitHub\HDC_clase\HDC_practicas\HDC_practicas\Debug\vc70.pdb'; se vinculará el objeto sin tener en cuenta información de depuración
CModel.lib(VECTOR3D.obj) : warning LNK4099: no se encontró PDB 'vc70.pdb' con 'CModel.lib(VECTOR3D.obj)' o en 'C:\Users\Hugo_\Documents\GitHub\HDC_clase\HDC_practicas\HDC_practicas\Debug\vc70.pdb'; se vinculará el objeto sin tener en cuenta información de depuración
CModel.lib(VECTOR4D.obj) : warning LNK4099: no se encontró PDB 'vc70.pdb' con 'CModel.lib(VECTOR4D.obj)' o en 'C:\Users\Hugo_\Documents\GitHub\HDC_clase\HDC_practicas\HDC_practicas\Debug\vc70.pdb'; se vinculará el objeto sin tener en cuenta información de depuración
  practica8.vcxproj -> C:\Users\Hugo_\Documents\GitHub\HDC_clase\HDC_practicas\HDC_practicas\Debug\practica8.exe
